<?xml version="1.0" encoding="UTF-8"?>
<testsuite name="petstore.User" tests="1" skipped="0" failures="0" errors="0" timestamp="2021-11-11T02:58:52" hostname="ACLECIO" time="10.773">
  <properties/>
  <testcase name="incluirUsuario" classname="petstore.User" time="10.773"/>
  <system-out><![CDATA[Request method:	POST
Request URI:	https://petstore.swagger.io/v2/user
Proxy:			<none>
Request params:	<none>
Query params:	<none>
Form params:	<none>
Path params:	<none>
Headers:		Accept=*/*
				Content-Type=application/json; charset=UTF-8
Cookies:		<none>
Multiparts:		<none>
Body:
{
    "id": 0,
    "username": "Aclecio",
    "firstName": "Aclecio",
    "lastName": "Pereira",
    "email": "aclecio@test.com",
    "password": "123456",
    "phone": "83900000000",
    "userStatus": 0
}
HTTP/1.1 200 OK
Date: Thu, 11 Nov 2021 02:58:59 GMT
Content-Type: application/json
Transfer-Encoding: chunked
Connection: keep-alive
Access-Control-Allow-Origin: *
Access-Control-Allow-Methods: GET, POST, DELETE, PUT
Access-Control-Allow-Headers: Content-Type, api_key, Authorization
Server: Jetty(9.2.9.v20150224)

{
    "code": 200,
    "type": "unknown",
    "message": "9223372036854775807"
}
O userId é 9223372036854775807
]]></system-out>
  <system-err><![CDATA[]]></system-err>
</testsuite>
